# JRE version: OpenJDK Runtime Environment Corretto-17.0.9.8.1 (17.0.9+8) (build 17.0.9+8-LTS)
# Java VM: OpenJDK 64-Bit Server VM Corretto-17.0.9.8.1 (17.0.9+8-LTS, mixed mode, emulated-client, sharing, tiered, compressed oops, compressed class ptrs, g1 gc, windows-amd64)
GC Precious Log:
 CPUs: 8 total, 8 available
 Memory: 16320M
 Large Page Support: Disabled
 NUMA Support: Disabled
 Compressed Oops: Enabled (Zero based)
 Heap Region Size: 2M
 Heap Min Capacity: 8M
 Heap Initial Capacity: 256M
 Heap Max Capacity: 4082M
 Pre-touch: Disabled
 Parallel Workers: 8
 Concurrent Workers: 2
 Concurrent Refinement Workers: 8
 Periodic GC: Disabled
Heap:
 garbage-first heap   total 157696K, used 69706K [0x0000000700e00000, 0x0000000800000000)
  region size 2048K, 1 young (2048K), 1 survivors (2048K)
 Metaspace       used 66187K, committed 66816K, reserved 1114112K
  class space    used 9574K, committed 9856K, reserved 1048576K
GC Heap History (20 events):
Event: 4.482 GC heap after
{Heap after GC invocations=13 (full 0):
 garbage-first heap   total 90112K, used 24458K [0x0000000700e00000, 0x0000000800000000)
  region size 2048K, 1 young (2048K), 1 survivors (2048K)
 Metaspace       used 43582K, committed 44096K, reserved 1114112K
  class space    used 6222K, committed 6464K, reserved 1048576K
}
Event: 5.218 GC heap before
{Heap before GC invocations=13 (full 0):
 garbage-first heap   total 90112K, used 67466K [0x0000000700e00000, 0x0000000800000000)
  region size 2048K, 22 young (45056K), 1 survivors (2048K)
 Metaspace       used 53790K, committed 54272K, reserved 1114112K
  class space    used 7693K, committed 7936K, reserved 1048576K
}
Event: 5.221 GC heap after
{Heap after GC invocations=14 (full 0):
 garbage-first heap   total 90112K, used 27063K [0x0000000700e00000, 0x0000000800000000)
  region size 2048K, 2 young (4096K), 2 survivors (4096K)
 Metaspace       used 53790K, committed 54272K, reserved 1114112K
  class space    used 7693K, committed 7936K, reserved 1048576K
}
Event: 5.750 GC heap before
{Heap before GC invocations=14 (full 0):
 garbage-first heap   total 90112K, used 61879K [0x0000000700e00000, 0x0000000800000000)
  region size 2048K, 20 young (40960K), 2 survivors (4096K)
 Metaspace       used 59802K, committed 60288K, reserved 1114112K
  class space    used 8591K, committed 8832K, reserved 1048576K
}
Event: 5.754 GC heap after
{Heap after GC invocations=15 (full 0):
 garbage-first heap   total 90112K, used 29005K [0x0000000700e00000, 0x0000000800000000)
  region size 2048K, 3 young (6144K), 3 survivors (6144K)
 Metaspace       used 59802K, committed 60288K, reserved 1114112K
  class space    used 8591K, committed 8832K, reserved 1048576K
}
Event: 12.054 GC heap before
{Heap before GC invocations=16 (full 0):
 garbage-first heap   total 90112K, used 69965K [0x0000000700e00000, 0x0000000800000000)
  region size 2048K, 23 young (47104K), 3 survivors (6144K)
 Metaspace       used 64061K, committed 64640K, reserved 1114112K
  class space    used 9301K, committed 9600K, reserved 1048576K
}
Event: 12.058 GC heap after
{Heap after GC invocations=17 (full 0):
 garbage-first heap   total 90112K, used 31817K [0x0000000700e00000, 0x0000000800000000)
  region size 2048K, 3 young (6144K), 3 survivors (6144K)
 Metaspace       used 64061K, committed 64640K, reserved 1114112K
  class space    used 9301K, committed 9600K, reserved 1048576K
}
Event: 12.396 GC heap before
{Heap before GC invocations=17 (full 0):
 garbage-first heap   total 90112K, used 66633K [0x0000000700e00000, 0x0000000800000000)
  region size 2048K, 21 young (43008K), 3 survivors (6144K)
 Metaspace       used 66084K, committed 66688K, reserved 1114112K
  class space    used 9559K, committed 9856K, reserved 1048576K
}
Event: 12.401 GC heap after
{Heap after GC invocations=18 (full 0):
 garbage-first heap   total 90112K, used 35902K [0x0000000700e00000, 0x0000000800000000)
  region size 2048K, 3 young (6144K), 3 survivors (6144K)
 Metaspace       used 66084K, committed 66688K, reserved 1114112K
  class space    used 9559K, committed 9856K, reserved 1048576K
}
Event: 12.475 GC heap before
{Heap before GC invocations=18 (full 0):
 garbage-first heap   total 90112K, used 66622K [0x0000000700e00000, 0x0000000800000000)
  region size 2048K, 19 young (38912K), 3 survivors (6144K)
 Metaspace       used 66097K, committed 66688K, reserved 1114112K
  class space    used 9561K, committed 9856K, reserved 1048576K
}
Event: 12.481 GC heap after
{Heap after GC invocations=19 (full 0):
 garbage-first heap   total 90112K, used 43051K [0x0000000700e00000, 0x0000000800000000)
  region size 2048K, 3 young (6144K), 3 survivors (6144K)
 Metaspace       used 66097K, committed 66688K, reserved 1114112K
  class space    used 9561K, committed 9856K, reserved 1048576K
}
Event: 12.553 GC heap before
{Heap before GC invocations=19 (full 0):
 garbage-first heap   total 90112K, used 65579K [0x0000000700e00000, 0x0000000800000000)
  region size 2048K, 15 young (30720K), 3 survivors (6144K)
 Metaspace       used 66178K, committed 66752K, reserved 1114112K
  class space    used 9572K, committed 9856K, reserved 1048576K
}
Event: 12.557 GC heap after
{Heap after GC invocations=20 (full 0):
 garbage-first heap   total 131072K, used 49838K [0x0000000700e00000, 0x0000000800000000)
  region size 2048K, 2 young (4096K), 2 survivors (4096K)
 Metaspace       used 66178K, committed 66752K, reserved 1114112K
  class space    used 9572K, committed 9856K, reserved 1048576K
}
Event: 12.660 GC heap before
{Heap before GC invocations=20 (full 0):
 garbage-first heap   total 131072K, used 88750K [0x0000000700e00000, 0x0000000800000000)
  region size 2048K, 21 young (43008K), 2 survivors (4096K)
 Metaspace       used 66178K, committed 66752K, reserved 1114112K
  class space    used 9572K, committed 9856K, reserved 1048576K
}
Event: 12.666 GC heap after
{Heap after GC invocations=21 (full 0):
 garbage-first heap   total 131072K, used 61263K [0x0000000700e00000, 0x0000000800000000)
  region size 2048K, 3 young (6144K), 3 survivors (6144K)
 Metaspace       used 66178K, committed 66752K, reserved 1114112K
  class space    used 9572K, committed 9856K, reserved 1048576K
}
Event: 12.718 GC heap before
{Heap before GC invocations=21 (full 0):
 garbage-first heap   total 131072K, used 91983K [0x0000000700e00000, 0x0000000800000000)
  region size 2048K, 19 young (38912K), 3 survivors (6144K)
 Metaspace       used 66178K, committed 66752K, reserved 1114112K
  class space    used 9572K, committed 9856K, reserved 1048576K
}
Event: 12.723 GC heap after
{Heap after GC invocations=22 (full 0):
 garbage-first heap   total 131072K, used 70043K [0x0000000700e00000, 0x0000000800000000)
  region size 2048K, 3 young (6144K), 3 survivors (6144K)
 Metaspace       used 66178K, committed 66752K, reserved 1114112K
  class space    used 9572K, committed 9856K, reserved 1048576K
}
Event: 12.779 GC heap before
{Heap before GC invocations=22 (full 0):
 garbage-first heap   total 131072K, used 92571K [0x0000000700e00000, 0x0000000800000000)
  region size 2048K, 15 young (30720K), 3 survivors (6144K)
 Metaspace       used 66186K, committed 66816K, reserved 1114112K
  class space    used 9573K, committed 9856K, reserved 1048576K
}
Event: 12.783 GC heap after
{Heap after GC invocations=23 (full 0):
 garbage-first heap   total 131072K, used 75342K [0x0000000700e00000, 0x0000000800000000)
  region size 2048K, 2 young (4096K), 2 survivors (4096K)
 Metaspace       used 66186K, committed 66816K, reserved 1114112K
  class space    used 9573K, committed 9856K, reserved 1048576K
}
Event: 12.853 GC heap before
{Heap before GC invocations=23 (full 0):
 garbage-first heap   total 157696K, used 91726K [0x0000000700e00000, 0x0000000800000000)
  region size 2048K, 13 young (26624K), 2 survivors (4096K)
 Metaspace       used 66187K, committed 66816K, reserved 1114112K
  class space    used 9574K, committed 9856K, reserved 1048576K
}

